2017-04-03 11:42:02,477 [main] DEBUG gov.ca.water.calgui.results.ResultUtils - Cannot open input file Config/GUI_Links3.table: Config\GUI_Links3.table (The system cannot find the path specified)
2017-04-03 11:42:02,548 [main] DEBUG gov.ca.water.calgui.results.ResultUtils - Config\Schematic_DSS_link4.table (The system cannot find the path specified)
2017-04-03 11:48:56,016 [main] DEBUG gov.ca.water.calgui.results.ResultUtils - Cannot open input file Config/GUI_Links3.table: Config\GUI_Links3.table (The system cannot find the path specified)
2017-04-03 11:48:56,068 [main] DEBUG gov.ca.water.calgui.results.ResultUtils - Config\Schematic_DSS_link4.table (The system cannot find the path specified)
2017-04-03 11:48:56,090 [main] DEBUG pm.DSSGrabber1 - 
2017-04-03 11:48:56,268 [main] INFO  pm.DSSGrabber1 - CL_DCR2015_2020D09E_Corrob_DV_20150901_Lt.cls not openable - SJR assumed static
2017-04-03 11:48:56,281 [main] INFO  pm.DSSGrabber1 - CL_DCR2015_2020D09E_Corrob_DV_20150901_Lt.cls not openable - Antioch/Chipps assumed off
2017-04-03 11:48:56,282 [main] INFO  pm.DSSGrabber1 - CL_DCR2015_2020D09E_Corrob_DV_20150901_Lt.cls not openable - LVE assumed off
2017-04-03 11:50:52,946 [main] DEBUG gov.ca.water.calgui.results.ResultUtils - Cannot open input file Config/GUI_Links3.table: Config\GUI_Links3.table (The system cannot find the path specified)
2017-04-03 11:50:52,996 [main] DEBUG gov.ca.water.calgui.results.ResultUtils - Config\Schematic_DSS_link4.table (The system cannot find the path specified)
2017-04-03 11:50:53,011 [main] DEBUG pm.DSSGrabber1 - 
2017-04-03 11:50:53,167 [main] INFO  pm.DSSGrabber1 - CL_DCR2015_2020D09E_Corrob_DV_20150901_Lt.cls not openable - SJR assumed static
2017-04-03 11:50:53,167 [main] INFO  pm.DSSGrabber1 - CL_DCR2015_2020D09E_Corrob_DV_20150901_Lt.cls not openable - Antioch/Chipps assumed off
2017-04-03 11:50:53,167 [main] INFO  pm.DSSGrabber1 - CL_DCR2015_2020D09E_Corrob_DV_20150901_Lt.cls not openable - LVE assumed off
2017-04-03 11:51:06,641 [main] DEBUG pm.DSSGrabber1 - Unable to access HEC-DSS file 
2017-04-03 11:56:24,021 [main] DEBUG gov.ca.water.calgui.results.ResultUtils - Cannot open input file Config/GUI_Links3.table: Config\GUI_Links3.table (The system cannot find the path specified)
2017-04-03 11:56:24,088 [main] DEBUG gov.ca.water.calgui.results.ResultUtils - Config\Schematic_DSS_link4.table (The system cannot find the path specified)
2017-04-03 11:56:24,207 [main] DEBUG pm.DSSGrabber1 - 
2017-04-03 11:56:24,370 [main] DEBUG pm.DSSGrabber1 - Unable to access HEC-DSS file 
2017-04-03 11:58:05,127 [main] DEBUG gov.ca.water.calgui.results.ResultUtils - Cannot open input file Config/GUI_Links3.table: Config\GUI_Links3.table (The system cannot find the path specified)
2017-04-03 11:58:05,179 [main] DEBUG gov.ca.water.calgui.results.ResultUtils - Config\Schematic_DSS_link4.table (The system cannot find the path specified)
2017-04-03 11:58:05,195 [main] DEBUG pm.DSSGrabber1 - 
2017-04-03 11:58:05,248 [main] DEBUG pm.DSSGrabber1 - 
2017-04-03 11:58:32,213 [main] DEBUG gov.ca.water.calgui.results.ResultUtils - Cannot open input file Config/GUI_Links3.table: Config\GUI_Links3.table (The system cannot find the path specified)
2017-04-03 11:58:32,266 [main] DEBUG gov.ca.water.calgui.results.ResultUtils - Config\Schematic_DSS_link4.table (The system cannot find the path specified)
2017-04-03 11:58:32,282 [main] DEBUG pm.DSSGrabber1 - 
2017-04-03 11:58:32,335 [main] DEBUG pm.DSSGrabber1 - 
2017-04-03 12:00:48,392 [main] DEBUG gov.ca.water.calgui.results.ResultUtils - Cannot open input file Config/GUI_Links3.table: Config\GUI_Links3.table (The system cannot find the path specified)
2017-04-03 12:00:48,442 [main] DEBUG gov.ca.water.calgui.results.ResultUtils - Config\Schematic_DSS_link4.table (The system cannot find the path specified)
2017-04-03 12:00:48,464 [main] DEBUG pm.DSSGrabber1 - 
2017-04-03 12:00:48,510 [main] DEBUG pm.DSSGrabber1 - 
2017-04-03 12:01:19,359 [main] DEBUG gov.ca.water.calgui.results.ResultUtils - Cannot open input file Config/GUI_Links3.table: Config\GUI_Links3.table (The system cannot find the path specified)
2017-04-03 12:01:19,444 [main] DEBUG gov.ca.water.calgui.results.ResultUtils - Config\Schematic_DSS_link4.table (The system cannot find the path specified)
2017-04-03 12:01:19,459 [main] DEBUG pm.DSSGrabber1 - 
2017-04-03 12:01:51,673 [main] DEBUG gov.ca.water.calgui.results.ResultUtils - Cannot open input file Config/GUI_Links3.table: Config\GUI_Links3.table (The system cannot find the path specified)
2017-04-03 12:01:51,726 [main] DEBUG gov.ca.water.calgui.results.ResultUtils - Config\Schematic_DSS_link4.table (The system cannot find the path specified)
2017-04-03 12:01:51,758 [main] DEBUG pm.DSSGrabber1 - 
2017-04-03 12:09:50,822 [main] DEBUG gov.ca.water.calgui.results.ResultUtils - Cannot open input file Config/GUI_Links3.table: Config\GUI_Links3.table (The system cannot find the path specified)
2017-04-03 12:09:50,877 [main] DEBUG gov.ca.water.calgui.results.ResultUtils - Config\Schematic_DSS_link4.table (The system cannot find the path specified)
2017-04-03 12:09:50,984 [main] DEBUG pm.DSSGrabber1 - 
2017-04-03 12:10:02,983 [main] INFO  pm.DSSGrabber1 - CL_DCR2015_2020D09E_Corrob_DV_20150901_Lt.cls not openable - SJR assumed static
2017-04-03 12:10:02,983 [main] INFO  pm.DSSGrabber1 - CL_DCR2015_2020D09E_Corrob_DV_20150901_Lt.cls not openable - Antioch/Chipps assumed off
2017-04-03 12:10:02,983 [main] INFO  pm.DSSGrabber1 - CL_DCR2015_2020D09E_Corrob_DV_20150901_Lt.cls not openable - LVE assumed off
2017-04-03 12:10:24,451 [main] DEBUG pm.DSSGrabber1 - Unable to access HEC-DSS file 
2017-04-03 12:11:13,673 [main] DEBUG gov.ca.water.calgui.results.ResultUtils - Cannot open input file Config/GUI_Links3.table: Config\GUI_Links3.table (The system cannot find the path specified)
2017-04-03 12:11:13,759 [main] DEBUG gov.ca.water.calgui.results.ResultUtils - Config\Schematic_DSS_link4.table (The system cannot find the path specified)
2017-04-03 12:11:13,773 [main] DEBUG pm.DSSGrabber1 - 
2017-04-03 12:11:13,815 [main] INFO  pm.DSSGrabber1 - CL_DCR2015_2020D09E_Corrob_DV_20150901_Lt.cls not openable - SJR assumed static
2017-04-03 12:11:13,829 [main] INFO  pm.DSSGrabber1 - CL_DCR2015_2020D09E_Corrob_DV_20150901_Lt.cls not openable - Antioch/Chipps assumed off
2017-04-03 12:11:13,831 [main] INFO  pm.DSSGrabber1 - CL_DCR2015_2020D09E_Corrob_DV_20150901_Lt.cls not openable - LVE assumed off
2017-04-03 12:11:39,540 [main] DEBUG pm.DSSGrabber1 - Unable to access HEC-DSS file 
2017-04-03 12:28:12,735 [main] DEBUG gov.ca.water.calgui.results.ResultUtils - Cannot open input file Config/GUI_Links3.table: Config\GUI_Links3.table (The system cannot find the path specified)
2017-04-03 12:28:12,804 [main] DEBUG gov.ca.water.calgui.results.ResultUtils - Config\Schematic_DSS_link4.table (The system cannot find the path specified)
2017-04-03 12:28:12,919 [main] DEBUG pm.DSSGrabber1 - 
2017-04-03 12:28:12,973 [main] INFO  pm.DSSGrabber1 - CL_DCR2015_2020D09E_Corrob_DV_20150901_Lt.cls not openable - SJR assumed static
2017-04-03 12:28:12,973 [main] INFO  pm.DSSGrabber1 - CL_DCR2015_2020D09E_Corrob_DV_20150901_Lt.cls not openable - Antioch/Chipps assumed off
2017-04-03 12:28:12,973 [main] INFO  pm.DSSGrabber1 - CL_DCR2015_2020D09E_Corrob_DV_20150901_Lt.cls not openable - LVE assumed off
2017-04-03 12:28:37,948 [main] DEBUG pm.DSSGrabber1 - Unable to access HEC-DSS file 
2017-04-03 12:30:34,246 [main] DEBUG gov.ca.water.calgui.results.ResultUtils - Cannot open input file Config/GUI_Links3.table: Config\GUI_Links3.table (The system cannot find the path specified)
2017-04-03 12:30:34,299 [main] DEBUG gov.ca.water.calgui.results.ResultUtils - Config\Schematic_DSS_link4.table (The system cannot find the path specified)
2017-04-03 12:30:34,315 [main] DEBUG pm.DSSGrabber1 - 
2017-04-03 12:30:34,361 [main] INFO  pm.DSSGrabber1 - CL_DCR2015_2020D09E_Corrob_DV_20150901_Lt.cls not openable - SJR assumed static
2017-04-03 12:30:34,361 [main] INFO  pm.DSSGrabber1 - CL_DCR2015_2020D09E_Corrob_DV_20150901_Lt.cls not openable - Antioch/Chipps assumed off
2017-04-03 12:30:34,361 [main] INFO  pm.DSSGrabber1 - CL_DCR2015_2020D09E_Corrob_DV_20150901_Lt.cls not openable - LVE assumed off
2017-04-03 12:30:43,611 [main] DEBUG pm.DSSGrabber1 - Unable to access HEC-DSS file 
2017-04-03 12:32:28,147 [main] DEBUG gov.ca.water.calgui.results.ResultUtils - Cannot open input file Config/GUI_Links3.table: Config\GUI_Links3.table (The system cannot find the path specified)
2017-04-03 12:32:28,211 [main] DEBUG gov.ca.water.calgui.results.ResultUtils - Config\Schematic_DSS_link4.table (The system cannot find the path specified)
2017-04-03 12:32:28,332 [main] DEBUG pm.DSSGrabber1 - 
2017-04-03 12:32:28,385 [main] INFO  pm.DSSGrabber1 - CL_DCR2015_2020D09E_Corrob_DV_20150901_Lt.cls not openable - SJR assumed static
2017-04-03 12:32:28,385 [main] INFO  pm.DSSGrabber1 - CL_DCR2015_2020D09E_Corrob_DV_20150901_Lt.cls not openable - Antioch/Chipps assumed off
2017-04-03 12:32:28,385 [main] INFO  pm.DSSGrabber1 - CL_DCR2015_2020D09E_Corrob_DV_20150901_Lt.cls not openable - LVE assumed off
2017-04-03 12:32:31,604 [main] DEBUG pm.DSSGrabber1 - Unable to access HEC-DSS file 
2017-04-03 12:33:00,324 [main] DEBUG gov.ca.water.calgui.results.ResultUtils - Cannot open input file Config/GUI_Links3.table: Config\GUI_Links3.table (The system cannot find the path specified)
2017-04-03 12:33:00,385 [main] DEBUG gov.ca.water.calgui.results.ResultUtils - Config\Schematic_DSS_link4.table (The system cannot find the path specified)
2017-04-03 12:33:00,404 [main] DEBUG pm.DSSGrabber1 - 
2017-04-03 12:37:36,906 [main] DEBUG gov.ca.water.calgui.results.ResultUtils - Cannot open input file Config/GUI_Links3.table: Config\GUI_Links3.table (The system cannot find the path specified)
2017-04-03 12:37:36,961 [main] DEBUG gov.ca.water.calgui.results.ResultUtils - Config\Schematic_DSS_link4.table (The system cannot find the path specified)
2017-04-03 12:37:36,976 [main] DEBUG pm.DSSGrabber1 - 
2017-04-03 12:37:37,027 [main] INFO  pm.DSSGrabber1 - CL_DCR2015_2020D09E_Corrob_DV_20150901_Lt.cls not openable - SJR assumed static
2017-04-03 12:37:37,028 [main] INFO  pm.DSSGrabber1 - CL_DCR2015_2020D09E_Corrob_DV_20150901_Lt.cls not openable - Antioch/Chipps assumed off
2017-04-03 12:37:37,030 [main] INFO  pm.DSSGrabber1 - CL_DCR2015_2020D09E_Corrob_DV_20150901_Lt.cls not openable - LVE assumed off
2017-04-03 12:37:48,369 [main] DEBUG pm.DSSGrabber1 - Unable to access HEC-DSS file 
2017-04-03 12:39:14,050 [main] DEBUG gov.ca.water.calgui.results.ResultUtils - Cannot open input file Config/GUI_Links3.table: Config\GUI_Links3.table (The system cannot find the path specified)
2017-04-03 12:39:14,118 [main] DEBUG gov.ca.water.calgui.results.ResultUtils - Config\Schematic_DSS_link4.table (The system cannot find the path specified)
2017-04-03 12:39:14,134 [main] DEBUG pm.DSSGrabber1 - 
2017-04-03 12:39:24,767 [main] DEBUG pm.DSSGrabber1 - Unable to access HEC-DSS file 
2017-04-03 12:40:20,099 [main] DEBUG gov.ca.water.calgui.results.ResultUtils - Cannot open input file Config/GUI_Links3.table: Config\GUI_Links3.table (The system cannot find the path specified)
2017-04-03 12:40:20,167 [main] DEBUG gov.ca.water.calgui.results.ResultUtils - Config\Schematic_DSS_link4.table (The system cannot find the path specified)
2017-04-03 12:40:20,182 [main] DEBUG pm.DSSGrabber1 - 
2017-04-03 12:40:20,182 [main] DEBUG pm.DSSGrabber1 - 
2017-04-03 12:40:57,667 [main] DEBUG gov.ca.water.calgui.results.ResultUtils - Cannot open input file Config/GUI_Links3.table: Config\GUI_Links3.table (The system cannot find the path specified)
2017-04-03 12:40:57,721 [main] DEBUG gov.ca.water.calgui.results.ResultUtils - Config\Schematic_DSS_link4.table (The system cannot find the path specified)
2017-04-03 12:40:57,752 [main] DEBUG pm.DSSGrabber1 - 
2017-04-03 12:40:57,752 [main] DEBUG pm.DSSGrabber1 - 
2017-04-03 12:40:57,861 [main] DEBUG pm.DSSGrabber1 - Unable to access HEC-DSS file 
2017-04-03 12:42:15,266 [main] DEBUG gov.ca.water.calgui.results.ResultUtils - Cannot open input file Config/GUI_Links3.table: Config\GUI_Links3.table (The system cannot find the path specified)
2017-04-03 12:42:15,351 [main] DEBUG gov.ca.water.calgui.results.ResultUtils - Config\Schematic_DSS_link4.table (The system cannot find the path specified)
2017-04-03 12:42:15,366 [main] DEBUG pm.DSSGrabber1 - 
2017-04-03 12:42:15,366 [main] DEBUG pm.DSSGrabber1 - 
2017-04-03 12:45:48,252 [main] DEBUG gov.ca.water.calgui.results.ResultUtils - Cannot open input file Config/GUI_Links3.table: Config\GUI_Links3.table (The system cannot find the path specified)
2017-04-03 12:45:48,325 [main] DEBUG gov.ca.water.calgui.results.ResultUtils - Config\Schematic_DSS_link4.table (The system cannot find the path specified)
2017-04-03 12:45:48,343 [main] DEBUG pm.DSSGrabber1 - 
2017-04-03 12:45:48,343 [main] DEBUG pm.DSSGrabber1 - 
2017-04-03 12:46:44,471 [main] DEBUG gov.ca.water.calgui.results.ResultUtils - Cannot open input file Config/GUI_Links3.table: Config\GUI_Links3.table (The system cannot find the path specified)
2017-04-03 12:46:44,546 [main] DEBUG gov.ca.water.calgui.results.ResultUtils - Config\Schematic_DSS_link4.table (The system cannot find the path specified)
2017-04-03 12:46:44,563 [main] DEBUG pm.DSSGrabber1 - 
2017-04-03 12:46:44,563 [main] DEBUG pm.DSSGrabber1 - 
2017-04-03 12:48:27,967 [main] DEBUG gov.ca.water.calgui.results.ResultUtils - Cannot open input file Config/GUI_Links3.table: Config\GUI_Links3.table (The system cannot find the path specified)
2017-04-03 12:48:28,036 [main] DEBUG gov.ca.water.calgui.results.ResultUtils - Config\Schematic_DSS_link4.table (The system cannot find the path specified)
2017-04-03 12:48:28,046 [main] DEBUG pm.DSSGrabber1 - 
2017-04-03 12:48:28,046 [main] DEBUG pm.DSSGrabber1 - 
